[INFO ] 2018-05-26 23:40:39.513 [http-nio-8080-exec-2] AdminWebService - createCompany() invoked 
[ERROR] 2018-05-26 23:41:01.831 [http-nio-8080-exec-4] AdminWebService - createCompany() was not updated since asml  ... already exists...
[INFO ] 2018-05-26 23:46:36.911 [http-nio-8080-exec-1] AdminWebService - createCompany() invoked 
[ERROR] 2018-05-26 23:46:41.023 [http-nio-8080-exec-2] AdminWebService - createCompany() was not updated since asml  ... already exists...
[INFO ] 2018-05-26 23:47:26.744 [http-nio-8080-exec-1] AdminWebService - createCompany() invoked 
[ERROR] 2018-05-26 23:47:29.175 [http-nio-8080-exec-2] AdminWebService - createCompany() was not updated since asml  ... already exists...
[INFO ] 2018-05-26 23:49:02.728 [http-nio-8080-exec-1] AdminWebService - createCompany() invoked 
[ERROR] 2018-05-26 23:49:07.673 [http-nio-8080-exec-2] AdminWebService - createCompany() was not updated since asml  ... already exists...
[INFO ] 2018-05-26 23:49:32.195 [http-nio-8080-exec-1] AdminWebService - createCompany() invoked 
[ERROR] 2018-05-26 23:49:35.959 [http-nio-8080-exec-2] AdminWebService - createCompany() was not updated since asml  ... already exists...
[INFO ] 2018-05-26 23:51:59.754 [http-nio-8080-exec-2] AdminWebService - createCompany() invoked 
[ERROR] 2018-05-26 23:52:04.504 [http-nio-8080-exec-3] AdminWebService - createCompany() was not updated since asml  ... already exists...
[INFO ] 2018-05-26 23:53:09.617 [http-nio-8080-exec-1] AdminWebService - createCompany() invoked 
[ERROR] 2018-05-26 23:53:15.264 [http-nio-8080-exec-2] AdminWebService - createCompany() was not updated since asml  ... already exists...
[INFO ] 2018-05-26 23:53:54.810 [http-nio-8080-exec-1] AdminWebService - createCompany() invoked 
[ERROR] 2018-05-26 23:53:59.256 [http-nio-8080-exec-2] AdminWebService - createCompany() was not updated since asml  ... already exists...
[INFO ] 2018-05-27 00:01:32.828 [http-nio-8080-exec-1] AdminWebService - createCompany() executed 
[INFO ] 2018-05-27 00:01:38.691 [http-nio-8080-exec-2] AdminWebService - createCompany() executed 
[INFO ] 2018-05-27 00:01:44.485 [http-nio-8080-exec-5] AdminWebService - createCompany() executed 
[INFO ] 2018-05-27 00:01:49.634 [http-nio-8080-exec-4] AdminWebService - createCompany() executed 
[INFO ] 2018-05-27 00:01:54.717 [http-nio-8080-exec-6] AdminWebService - createCompany() executed 
[INFO ] 2018-05-27 00:02:02.435 [http-nio-8080-exec-7] AdminWebService - createCompany() executed 
[INFO ] 2018-05-27 00:02:06.934 [http-nio-8080-exec-8] AdminWebService - createCompany() executed 
[INFO ] 2018-05-27 00:02:11.951 [http-nio-8080-exec-10] AdminWebService - createCompany() executed 
[INFO ] 2018-05-27 00:02:17.528 [http-nio-8080-exec-9] AdminWebService - createCompany() executed 
[ERROR] 2018-05-27 00:02:24.441 [http-nio-8080-exec-1] AdminWebService - createCompany() was not updated since seven  ... already exists...
[INFO ] 2018-05-27 00:02:31.982 [http-nio-8080-exec-2] AdminWebService - getAllCompanies() executed
[INFO ] 2018-05-27 00:02:57.550 [http-nio-8080-exec-5] AdminWebService - getAllCompanies() executed
[INFO ] 2018-05-27 00:03:09.550 [http-nio-8080-exec-6] AdminWebService - updateCompany() invoked 
[INFO ] 2018-05-27 00:03:14.829 [http-nio-8080-exec-3] AdminWebService - getAllCompanies() executed
[INFO ] 2018-05-27 00:03:21.404 [http-nio-8080-exec-7] AdminWebService - getCompanyById() executed
[INFO ] 2018-05-27 00:03:24.782 [http-nio-8080-exec-8] AdminWebService - getCompanyById() executed
[ERROR] 2018-05-27 00:03:24.784 [http-nio-8080-exec-8] AdminWebService - getCompanyById()  ... Data Not Exist for NAME/ID you entered ... 
[INFO ] 2018-05-27 00:03:36.310 [http-nio-8080-exec-10] AdminWebService - getCompanyByName() executed
[INFO ] 2018-05-27 00:03:40.478 [http-nio-8080-exec-9] AdminWebService - getCompanyByName() executed
[ERROR] 2018-05-27 00:03:40.480 [http-nio-8080-exec-9] AdminWebService - getCompanyByName()  ... Data Not Exist for NAME/ID you entered ... 
[INFO ] 2018-05-27 00:03:56.869 [http-nio-8080-exec-2] AdminWebService - createCustomer() invoked 
[INFO ] 2018-05-27 00:04:04.858 [http-nio-8080-exec-5] AdminWebService - createCustomer() invoked 
[INFO ] 2018-05-27 00:04:10.085 [http-nio-8080-exec-4] AdminWebService - createCustomer() invoked 
[INFO ] 2018-05-27 00:04:14.041 [http-nio-8080-exec-6] AdminWebService - createCustomer() invoked 
[INFO ] 2018-05-27 00:04:18.265 [http-nio-8080-exec-3] AdminWebService - createCustomer() invoked 
[ERROR] 2018-05-27 00:04:19.991 [http-nio-8080-exec-7] AdminWebService - createCustomer() was not performed since karin  ... already exists...
[INFO ] 2018-05-27 00:04:35.183 [http-nio-8080-exec-8] AdminWebService - getAllCustomers() invoked 
[INFO ] 2018-05-27 00:04:47.783 [http-nio-8080-exec-10] AdminWebService - getCustomerById() invoked 
[ERROR] 2018-05-27 00:04:47.785 [http-nio-8080-exec-10] AdminWebService - getCustomerById() was not performed since  ... Data Not Exist for NAME/ID you entered ... 
[INFO ] 2018-05-27 00:04:52.703 [http-nio-8080-exec-9] AdminWebService - getCustomerById() invoked 
[INFO ] 2018-05-27 00:04:55.863 [http-nio-8080-exec-1] AdminWebService - getCustomerByName() invoked 
[INFO ] 2018-05-27 00:05:02.174 [http-nio-8080-exec-2] AdminWebService - getCustomerByName() invoked 
[ERROR] 2018-05-27 00:05:02.175 [http-nio-8080-exec-2] AdminWebService - getCustomerByName() was not performed since  ... Data Not Exist for NAME/ID you entered ... 
[INFO ] 2018-05-27 00:05:13.140 [http-nio-8080-exec-4] AdminWebService - updateCustomer() invoked 
[INFO ] 2018-05-27 00:05:16.245 [http-nio-8080-exec-6] AdminWebService - getAllCustomers() invoked 
[INFO ] 2018-05-27 00:06:27.680 [http-nio-8080-exec-7] AdminWebService - getAllCustomers() invoked 
[INFO ] 2018-05-27 00:06:37.128 [http-nio-8080-exec-8] AdminWebService - getCompanyById() executed
[INFO ] 2018-05-27 00:06:41.350 [http-nio-8080-exec-10] AdminWebService - getCompanyById() executed
[INFO ] 2018-05-27 00:06:51.646 [http-nio-8080-exec-9] AdminWebService - getCompanyById() executed
[ERROR] 2018-05-27 00:06:51.647 [http-nio-8080-exec-9] AdminWebService - getCompanyById()  ... Data Not Exist for NAME/ID you entered ... 
[INFO ] 2018-05-27 00:07:11.655 [http-nio-8080-exec-1] AdminWebService - getAllCompanies() executed
[INFO ] 2018-05-27 00:07:14.353 [http-nio-8080-exec-5] AdminWebService - deleteCompany() invoked 
[INFO ] 2018-05-27 00:07:14.358 [http-nio-8080-exec-4] AdminWebService - getAllCompanies() executed
[INFO ] 2018-05-27 00:07:25.123 [http-nio-8080-exec-3] AdminWebService - deleteCompany() invoked 
[INFO ] 2018-05-27 00:07:25.129 [http-nio-8080-exec-7] AdminWebService - getAllCompanies() executed
[INFO ] 2018-05-27 00:07:30.128 [http-nio-8080-exec-10] AdminWebService - deleteCompany() invoked 
[INFO ] 2018-05-27 00:07:30.133 [http-nio-8080-exec-9] AdminWebService - getAllCompanies() executed
[INFO ] 2018-05-27 00:07:48.799 [http-nio-8080-exec-1] AdminWebService - getCompanyById() executed
[INFO ] 2018-05-27 00:07:53.702 [http-nio-8080-exec-2] AdminWebService - getCompanyById() executed
[ERROR] 2018-05-27 00:07:53.703 [http-nio-8080-exec-2] AdminWebService - getCompanyById()  ... Data Not Exist for NAME/ID you entered ... 
[INFO ] 2018-05-27 00:08:36.024 [http-nio-8080-exec-5] AdminWebService - getCompanyById() executed
[ERROR] 2018-05-27 00:08:36.025 [http-nio-8080-exec-5] AdminWebService - getCompanyById()  ... Data Not Exist for NAME/ID you entered ... 
[INFO ] 2018-05-27 00:08:51.592 [http-nio-8080-exec-4] AdminWebService - getCompanyById() executed
[ERROR] 2018-05-27 00:08:51.593 [http-nio-8080-exec-4] AdminWebService - getCompanyById()  ... Data Not Exist for NAME/ID you entered ... 
[INFO ] 2018-05-27 00:09:03.400 [http-nio-8080-exec-6] AdminWebService - getCompanyById() executed
[ERROR] 2018-05-27 00:09:03.401 [http-nio-8080-exec-6] AdminWebService - getCompanyById()  ... Data Not Exist for NAME/ID you entered ... 
[INFO ] 2018-05-27 00:09:32.848 [http-nio-8080-exec-3] AdminWebService - getCompanyById() executed
[ERROR] 2018-05-27 00:09:32.849 [http-nio-8080-exec-3] AdminWebService - getCompanyById()  ... Data Not Exist for NAME/ID you entered ... 
[INFO ] 2018-05-27 00:13:17.945 [http-nio-8080-exec-7] AdminWebService - getCompanyById() executed
[ERROR] 2018-05-27 00:13:17.947 [http-nio-8080-exec-7] AdminWebService - getCompanyById()  ... Data Not Exist for NAME/ID you entered ... 
[INFO ] 2018-05-27 00:16:43.705 [http-nio-8080-exec-8] AdminWebService - getCompanyById() executed
[INFO ] 2018-05-27 00:16:47.256 [http-nio-8080-exec-10] AdminWebService - getCompanyById() executed
[ERROR] 2018-05-27 00:16:47.257 [http-nio-8080-exec-10] AdminWebService - getCompanyById()  ... Data Not Exist for NAME/ID you entered ... 
[INFO ] 2018-05-27 00:17:43.433 [http-nio-8080-exec-9] AdminWebService - getCompanyById() executed
[ERROR] 2018-05-27 00:17:43.434 [http-nio-8080-exec-9] AdminWebService - getCompanyById()  ... Data Not Exist for NAME/ID you entered ... 
[INFO ] 2018-05-27 00:19:54.810 [http-nio-8080-exec-1] AdminWebService - getCompanyById() executed
[ERROR] 2018-05-27 00:19:54.812 [http-nio-8080-exec-1] AdminWebService - getCompanyById()  ... Data Not Exist for NAME/ID you entered ... 
[INFO ] 2018-05-27 00:21:05.073 [http-nio-8080-exec-2] AdminWebService - getCompanyById() executed
[ERROR] 2018-05-27 00:21:05.074 [http-nio-8080-exec-2] AdminWebService - getCompanyById()  ... Data Not Exist for NAME/ID you entered ... 
[INFO ] 2018-05-27 00:22:05.914 [http-nio-8080-exec-5] AdminWebService - getCompanyById() executed
[ERROR] 2018-05-27 00:22:05.915 [http-nio-8080-exec-5] AdminWebService - getCompanyById()  ... Data Not Exist for NAME/ID you entered ... 
[INFO ] 2018-05-27 00:22:55.833 [http-nio-8080-exec-4] AdminWebService - getCompanyById() executed
[ERROR] 2018-05-27 00:22:55.834 [http-nio-8080-exec-4] AdminWebService - getCompanyById()  ... Data Not Exist for NAME/ID you entered ... 
[INFO ] 2018-05-27 00:23:21.728 [http-nio-8080-exec-6] AdminWebService - getCompanyById() executed
[ERROR] 2018-05-27 00:23:21.730 [http-nio-8080-exec-6] AdminWebService - getCompanyById()  ... Data Not Exist for NAME/ID you entered ... 
[INFO ] 2018-05-27 00:23:42.233 [http-nio-8080-exec-3] AdminWebService - getCompanyById() executed
[ERROR] 2018-05-27 00:23:42.234 [http-nio-8080-exec-3] AdminWebService - getCompanyById()  ... Data Not Exist for NAME/ID you entered ... 
[INFO ] 2018-05-27 00:25:41.393 [http-nio-8080-exec-7] AdminWebService - getCompanyById() executed
[ERROR] 2018-05-27 00:25:41.395 [http-nio-8080-exec-7] AdminWebService - getCompanyById()  ... Data Not Exist for NAME/ID you entered ... 
[INFO ] 2018-05-27 00:25:54.224 [http-nio-8080-exec-8] AdminWebService - getCompanyById() executed
[ERROR] 2018-05-27 00:25:54.225 [http-nio-8080-exec-8] AdminWebService - getCompanyById()  ... Data Not Exist for NAME/ID you entered ... 
[INFO ] 2018-05-27 00:26:15.281 [http-nio-8080-exec-10] AdminWebService - getCompanyById() executed
[ERROR] 2018-05-27 00:26:15.282 [http-nio-8080-exec-10] AdminWebService - getCompanyById()  ... Data Not Exist for NAME/ID you entered ... 
[INFO ] 2018-05-27 00:27:35.978 [http-nio-8080-exec-9] AdminWebService - getCompanyById() executed
[ERROR] 2018-05-27 00:27:35.979 [http-nio-8080-exec-9] AdminWebService - getCompanyById()  ... Data Not Exist for NAME/ID you entered ... 
[INFO ] 2018-05-27 00:30:56.978 [http-nio-8080-exec-1] AdminWebService - getCompanyById() executed
[ERROR] 2018-05-27 00:30:56.979 [http-nio-8080-exec-1] AdminWebService - getCompanyById()  ... Data Not Exist for NAME/ID you entered ... 
[INFO ] 2018-05-27 00:31:06.769 [http-nio-8080-exec-2] AdminWebService - getCompanyById() executed
[ERROR] 2018-05-27 00:31:06.770 [http-nio-8080-exec-2] AdminWebService - getCompanyById()  ... Data Not Exist for NAME/ID you entered ... 
[INFO ] 2018-05-27 00:31:34.738 [http-nio-8080-exec-5] AdminWebService - getCompanyById() executed
[ERROR] 2018-05-27 00:31:34.739 [http-nio-8080-exec-5] AdminWebService - getCompanyById()  ... Data Not Exist for NAME/ID you entered ... 
[INFO ] 2018-05-27 00:31:57.210 [http-nio-8080-exec-4] AdminWebService - getCompanyById() executed
[ERROR] 2018-05-27 00:31:57.211 [http-nio-8080-exec-4] AdminWebService - getCompanyById()  ... Data Not Exist for NAME/ID you entered ... 
[INFO ] 2018-05-27 00:32:14.282 [http-nio-8080-exec-6] AdminWebService - getCompanyById() executed
[ERROR] 2018-05-27 00:32:14.283 [http-nio-8080-exec-6] AdminWebService - getCompanyById()  ... Data Not Exist for NAME/ID you entered ... 
[INFO ] 2018-05-27 00:32:38.946 [http-nio-8080-exec-3] AdminWebService - getCompanyById() executed
[ERROR] 2018-05-27 00:32:38.947 [http-nio-8080-exec-3] AdminWebService - getCompanyById()  ... Data Not Exist for NAME/ID you entered ... 
[INFO ] 2018-05-28 00:50:59.506 [http-nio-8080-exec-2] AdminWebService - createCompany() executed 
[INFO ] 2018-05-28 08:36:06.633 [http-nio-8080-exec-2] AdminWebService - createCompany() executed 
[ERROR] 2018-05-28 08:36:24.079 [http-nio-8080-exec-3] AdminWebService - createCompany() was not updated since asml  ... already exists...
[INFO ] 2018-05-28 08:36:30.630 [http-nio-8080-exec-5] AdminWebService - getAllCompanies() executed
[INFO ] 2018-05-28 08:46:07.978 [http-nio-8080-exec-6] AdminWebService - getAllCompanies() executed
[INFO ] 2018-05-28 08:46:27.518 [http-nio-8080-exec-7] AdminWebService - getAllCompanies() executed
[INFO ] 2018-05-28 08:47:18.816 [http-nio-8080-exec-8] AdminWebService - getAllCompanies() executed
[INFO ] 2018-05-28 08:47:30.367 [http-nio-8080-exec-9] AdminWebService - createCompany() executed 
[INFO ] 2018-05-28 08:47:36.726 [http-nio-8080-exec-1] AdminWebService - createCompany() executed 
[INFO ] 2018-05-28 08:47:42.442 [http-nio-8080-exec-2] AdminWebService - createCompany() executed 
[INFO ] 2018-05-28 08:47:46.045 [http-nio-8080-exec-3] AdminWebService - createCompany() executed 
[INFO ] 2018-05-28 08:47:50.403 [http-nio-8080-exec-5] AdminWebService - createCompany() executed 
[INFO ] 2018-05-28 08:47:54.507 [http-nio-8080-exec-4] AdminWebService - createCompany() executed 
[INFO ] 2018-05-28 08:47:59.142 [http-nio-8080-exec-6] AdminWebService - createCompany() executed 
[INFO ] 2018-05-28 08:48:02.855 [http-nio-8080-exec-7] AdminWebService - createCompany() executed 
[INFO ] 2018-05-28 08:48:05.342 [http-nio-8080-exec-8] AdminWebService - getAllCompanies() executed
[INFO ] 2018-05-28 08:52:28.177 [http-nio-8080-exec-9] AdminWebService - getAllCompanies() executed
[INFO ] 2018-05-28 08:53:01.408 [http-nio-8080-exec-1] AdminWebService - getAllCompanies() executed
[INFO ] 2018-05-28 09:01:24.506 [http-nio-8080-exec-3] AdminWebService - getAllCompanies() executed
[INFO ] 2018-05-28 09:05:04.866 [http-nio-8080-exec-4] AdminWebService - getAllCompanies() executed
[INFO ] 2018-05-28 09:05:16.481 [http-nio-8080-exec-6] AdminWebService - getAllCompanies() executed
[INFO ] 2018-05-28 09:06:07.465 [http-nio-8080-exec-7] AdminWebService - getAllCompanies() executed
[INFO ] 2018-05-28 09:12:35.210 [http-nio-8080-exec-10] AdminWebService - getAllCompanies() executed
[INFO ] 2018-05-28 09:13:06.778 [http-nio-8080-exec-9] AdminWebService - getAllCompanies() executed
[INFO ] 2018-05-28 09:13:49.553 [http-nio-8080-exec-1] AdminWebService - getAllCompanies() executed
[INFO ] 2018-05-28 09:14:27.899 [http-nio-8080-exec-3] AdminWebService - updateCompany() invoked 
[INFO ] 2018-05-28 09:15:10.290 [http-nio-8080-exec-5] AdminWebService - getAllCompanies() executed
[INFO ] 2018-05-28 09:15:52.235 [http-nio-8080-exec-4] AdminWebService - getAllCompanies() executed
[INFO ] 2018-05-28 09:16:06.629 [http-nio-8080-exec-6] AdminWebService - updateCompany() invoked 
[INFO ] 2018-05-28 09:22:07.052 [http-nio-8080-exec-8] AdminWebService - getAllCompanies() executed
[INFO ] 2018-05-28 09:25:34.924 [http-nio-8080-exec-9] AdminWebService - getAllCompanies() executed
[INFO ] 2018-05-28 09:25:39.361 [http-nio-8080-exec-2] AdminWebService - updateCompany() invoked 
[INFO ] 2018-05-28 09:37:42.109 [http-nio-8080-exec-5] AdminWebService - getAllCompanies() executed
[INFO ] 2018-05-28 09:41:01.509 [http-nio-8080-exec-6] AdminWebService - getAllCompanies() executed
[INFO ] 2018-05-28 09:41:35.525 [http-nio-8080-exec-2] AdminWebService - getAllCompanies() executed
[INFO ] 2018-05-28 09:41:46.721 [http-nio-8080-exec-8] AdminWebService - updateCompany() invoked 
[INFO ] 2018-05-28 09:42:07.772 [http-nio-8080-exec-7] AdminWebService - getAllCompanies() executed
[INFO ] 2018-05-28 09:42:12.877 [http-nio-8080-exec-9] AdminWebService - updateCompany() invoked 
[INFO ] 2018-05-28 09:45:34.576 [http-nio-8080-exec-5] AdminWebService - updateCompany() invoked 
[INFO ] 2018-05-28 09:54:48.910 [http-nio-8080-exec-8] AdminWebService - getAllCompanies() executed
[INFO ] 2018-05-28 09:54:52.971 [http-nio-8080-exec-10] AdminWebService - updateCompany() invoked 
[INFO ] 2018-05-28 09:57:22.119 [http-nio-8080-exec-3] AdminWebService - getAllCompanies() executed
[INFO ] 2018-05-28 10:29:24.400 [http-nio-8080-exec-2] AdminWebService - getAllCompanies() executed
[INFO ] 2018-05-28 10:29:33.300 [http-nio-8080-exec-3] AdminWebService - createCompany() executed 
[INFO ] 2018-05-28 10:29:38.460 [http-nio-8080-exec-4] AdminWebService - createCompany() executed 
[INFO ] 2018-05-28 10:29:42.999 [http-nio-8080-exec-5] AdminWebService - createCompany() executed 
[INFO ] 2018-05-28 10:29:46.015 [http-nio-8080-exec-6] AdminWebService - getAllCompanies() executed
[INFO ] 2018-05-28 10:37:59.515 [http-nio-8080-exec-8] AdminWebService - getAllCompanies() executed
[INFO ] 2018-05-28 10:38:00.525 [http-nio-8080-exec-10] AdminWebService - updateCompany() invoked 
[INFO ] 2018-05-28 10:38:19.916 [http-nio-8080-exec-2] AdminWebService - updateCompany() invoked 
[INFO ] 2018-05-28 10:39:49.939 [http-nio-8080-exec-3] AdminWebService - getAllCompanies() executed
[INFO ] 2018-05-28 10:39:50.867 [http-nio-8080-exec-4] AdminWebService - updateCompany() invoked 
[INFO ] 2018-05-28 10:40:51.162 [http-nio-8080-exec-5] AdminWebService - getAllCompanies() executed
[INFO ] 2018-05-28 10:42:56.507 [http-nio-8080-exec-7] AdminWebService - getAllCompanies() executed
[INFO ] 2018-05-28 10:44:14.307 [http-nio-8080-exec-9] AdminWebService - getAllCompanies() executed
[INFO ] 2018-05-28 10:44:29.313 [http-nio-8080-exec-10] AdminWebService - getAllCompanies() executed
[INFO ] 2018-05-28 10:45:54.011 [http-nio-8080-exec-1] AdminWebService - getAllCompanies() executed
[INFO ] 2018-05-28 10:46:20.577 [http-nio-8080-exec-3] AdminWebService - getAllCompanies() executed
[INFO ] 2018-05-28 10:47:13.226 [http-nio-8080-exec-4] AdminWebService - getAllCompanies() executed
[INFO ] 2018-05-28 10:48:28.371 [http-nio-8080-exec-6] AdminWebService - getAllCompanies() executed
[INFO ] 2018-05-28 10:49:53.131 [http-nio-8080-exec-8] AdminWebService - getAllCompanies() executed
[INFO ] 2018-05-28 10:51:49.876 [http-nio-8080-exec-10] AdminWebService - getAllCompanies() executed
[INFO ] 2018-05-28 10:52:08.370 [http-nio-8080-exec-2] AdminWebService - getAllCompanies() executed
[INFO ] 2018-05-28 10:54:27.572 [http-nio-8080-exec-3] AdminWebService - getAllCompanies() executed
[INFO ] 2018-05-28 10:54:43.370 [http-nio-8080-exec-4] AdminWebService - getAllCompanies() executed
[INFO ] 2018-05-28 10:55:05.171 [http-nio-8080-exec-5] AdminWebService - getAllCompanies() executed
[INFO ] 2018-05-28 10:55:41.315 [http-nio-8080-exec-6] AdminWebService - getAllCompanies() executed
[INFO ] 2018-05-28 10:56:19.251 [http-nio-8080-exec-7] AdminWebService - getAllCompanies() executed
[INFO ] 2018-05-28 10:56:33.282 [http-nio-8080-exec-8] AdminWebService - getAllCompanies() executed
[INFO ] 2018-05-28 11:00:50.638 [http-nio-8080-exec-10] AdminWebService - getAllCompanies() executed
[INFO ] 2018-05-28 11:06:39.199 [http-nio-8080-exec-1] AdminWebService - getAllCompanies() executed
[INFO ] 2018-05-28 11:07:29.666 [http-nio-8080-exec-3] AdminWebService - getAllCompanies() executed
[ERROR] 2018-05-28 11:14:43.226 [http-nio-8080-exec-8] AdminWebService - createCompany() was not updated since asml  ... already exists...
[INFO ] 2018-05-28 11:14:47.746 [http-nio-8080-exec-9] AdminWebService - getAllCompanies() executed
[INFO ] 2018-05-28 11:15:09.243 [http-nio-8080-exec-10] AdminWebService - getAllCompanies() executed
[INFO ] 2018-05-28 11:15:59.780 [http-nio-8080-exec-1] AdminWebService - deleteCompany() invoked 
[INFO ] 2018-05-28 11:15:59.788 [http-nio-8080-exec-3] AdminWebService - getAllCompanies() executed
[INFO ] 2018-05-28 11:21:51.757 [http-nio-8080-exec-5] AdminWebService - getAllCompanies() executed
[INFO ] 2018-05-28 11:22:36.891 [http-nio-8080-exec-6] AdminWebService - getAllCompanies() executed
[INFO ] 2018-05-28 11:23:06.347 [http-nio-8080-exec-7] AdminWebService - getAllCompanies() executed
[INFO ] 2018-05-28 11:26:42.630 [http-nio-8080-exec-9] AdminWebService - getAllCompanies() executed
[INFO ] 2018-05-28 11:27:10.196 [http-nio-8080-exec-10] AdminWebService - getAllCompanies() executed
[INFO ] 2018-05-28 11:28:20.733 [http-nio-8080-exec-1] AdminWebService - getAllCompanies() executed
[INFO ] 2018-05-28 11:29:30.046 [http-nio-8080-exec-4] AdminWebService - getAllCompanies() executed
[INFO ] 2018-05-28 11:29:34.759 [http-nio-8080-exec-6] AdminWebService - updateCompany() invoked 
[INFO ] 2018-05-28 11:29:38.963 [http-nio-8080-exec-7] AdminWebService - getAllCompanies() executed
[INFO ] 2018-05-28 11:38:47.703 [http-nio-8080-exec-9] AdminWebService - getAllCompanies() executed
[INFO ] 2018-05-28 11:40:00.843 [http-nio-8080-exec-2] AdminWebService - getAllCompanies() executed
[INFO ] 2018-05-28 11:40:13.202 [http-nio-8080-exec-3] AdminWebService - getAllCompanies() executed
[INFO ] 2018-05-28 11:40:13.225 [http-nio-8080-exec-4] AdminWebService - updateCompany() invoked 
[INFO ] 2018-05-28 11:40:17.821 [http-nio-8080-exec-5] AdminWebService - getAllCompanies() executed
[INFO ] 2018-05-28 11:40:31.130 [http-nio-8080-exec-6] AdminWebService - getAllCompanies() executed
[INFO ] 2018-05-28 11:40:35.539 [http-nio-8080-exec-8] AdminWebService - getAllCompanies() executed
[INFO ] 2018-05-28 11:40:35.539 [http-nio-8080-exec-7] AdminWebService - updateCompany() invoked 
[INFO ] 2018-05-28 11:40:37.877 [http-nio-8080-exec-9] AdminWebService - getAllCompanies() executed
[INFO ] 2018-05-28 11:40:42.705 [http-nio-8080-exec-2] AdminWebService - getAllCompanies() executed
[INFO ] 2018-05-28 11:40:42.707 [http-nio-8080-exec-10] AdminWebService - updateCompany() invoked 
[INFO ] 2018-05-28 11:40:45.629 [http-nio-8080-exec-1] AdminWebService - getAllCompanies() executed
[INFO ] 2018-05-28 11:40:51.393 [http-nio-8080-exec-4] AdminWebService - getAllCompanies() executed
[INFO ] 2018-05-28 11:40:51.398 [http-nio-8080-exec-3] AdminWebService - updateCompany() invoked 
[INFO ] 2018-05-28 11:40:54.413 [http-nio-8080-exec-5] AdminWebService - getAllCompanies() executed
[INFO ] 2018-05-28 11:40:58.945 [http-nio-8080-exec-6] AdminWebService - updateCompany() invoked 
[INFO ] 2018-05-28 11:40:58.947 [http-nio-8080-exec-7] AdminWebService - getAllCompanies() executed
[INFO ] 2018-05-28 11:41:03.093 [http-nio-8080-exec-8] AdminWebService - getAllCompanies() executed
[INFO ] 2018-05-28 11:41:03.293 [http-nio-8080-exec-9] AdminWebService - getAllCompanies() executed
[INFO ] 2018-05-28 11:41:03.501 [http-nio-8080-exec-10] AdminWebService - getAllCompanies() executed
[INFO ] 2018-05-28 11:41:18.990 [http-nio-8080-exec-2] AdminWebService - getAllCompanies() executed
[INFO ] 2018-05-28 11:41:24.283 [http-nio-8080-exec-4] AdminWebService - getAllCompanies() executed
[INFO ] 2018-05-28 11:41:24.286 [http-nio-8080-exec-1] AdminWebService - updateCompany() invoked 
[INFO ] 2018-05-28 11:41:27.565 [http-nio-8080-exec-3] AdminWebService - getAllCompanies() executed
[INFO ] 2018-05-28 12:21:46.915 [http-nio-8080-exec-7] AdminWebService - getAllCompanies() executed
[INFO ] 2018-05-28 12:22:06.096 [http-nio-8080-exec-9] AdminWebService - createCompany() executed 
[INFO ] 2018-05-28 12:22:08.888 [http-nio-8080-exec-10] AdminWebService - getAllCompanies() executed
[INFO ] 2018-05-28 12:24:14.219 [http-nio-8080-exec-4] AdminWebService - getAllCompanies() executed
[INFO ] 2018-05-28 12:24:23.305 [http-nio-8080-exec-1] AdminWebService - getAllCompanies() executed
[INFO ] 2018-05-28 12:24:55.946 [http-nio-8080-exec-3] AdminWebService - getAllCompanies() executed
[INFO ] 2018-05-28 12:25:00.233 [http-nio-8080-exec-5] AdminWebService - getAllCompanies() executed
[INFO ] 2018-05-28 12:25:17.281 [http-nio-8080-exec-6] AdminWebService - getAllCompanies() executed
[INFO ] 2018-05-28 12:26:52.667 [http-nio-8080-exec-8] AdminWebService - getAllCompanies() executed
[INFO ] 2018-05-28 12:26:56.745 [http-nio-8080-exec-9] AdminWebService - getAllCompanies() executed
[INFO ] 2018-05-28 12:26:59.498 [http-nio-8080-exec-2] AdminWebService - updateCompany() invoked 
[INFO ] 2018-05-28 12:27:02.057 [http-nio-8080-exec-4] AdminWebService - getAllCompanies() executed
[INFO ] 2018-05-28 12:27:50.530 [http-nio-8080-exec-1] AdminWebService - getAllCompanies() executed
[INFO ] 2018-05-28 12:28:02.227 [http-nio-8080-exec-3] AdminWebService - getAllCompanies() executed
[INFO ] 2018-05-28 12:28:11.729 [http-nio-8080-exec-5] AdminWebService - getAllCompanies() executed
[INFO ] 2018-05-28 12:28:12.665 [http-nio-8080-exec-6] AdminWebService - getAllCompanies() executed
[INFO ] 2018-05-28 12:28:14.905 [http-nio-8080-exec-7] AdminWebService - getAllCompanies() executed
[INFO ] 2018-05-28 12:29:25.372 [http-nio-8080-exec-9] AdminWebService - getAllCompanies() executed
[INFO ] 2018-05-28 12:30:27.035 [http-nio-8080-exec-2] AdminWebService - getAllCompanies() executed
[INFO ] 2018-05-28 12:30:44.150 [http-nio-8080-exec-4] AdminWebService - updateCompany() invoked 
[INFO ] 2018-05-28 12:31:27.955 [http-nio-8080-exec-1] AdminWebService - getAllCompanies() executed
[INFO ] 2018-05-28 12:31:37.146 [http-nio-8080-exec-5] AdminWebService - updateCompany() invoked 
[INFO ] 2018-05-28 12:33:29.235 [http-nio-8080-exec-7] AdminWebService - getAllCompanies() executed
[INFO ] 2018-05-28 12:33:32.957 [http-nio-8080-exec-8] AdminWebService - updateCompany() invoked 
[INFO ] 2018-05-28 12:37:10.661 [http-nio-8080-exec-10] AdminWebService - getAllCompanies() executed
[INFO ] 2018-05-28 12:37:33.875 [http-nio-8080-exec-2] AdminWebService - getAllCompanies() executed
[INFO ] 2018-05-28 12:38:01.675 [http-nio-8080-exec-4] AdminWebService - getAllCompanies() executed
[INFO ] 2018-05-28 12:39:18.036 [http-nio-8080-exec-3] AdminWebService - getAllCompanies() executed
[INFO ] 2018-05-28 12:39:21.631 [http-nio-8080-exec-6] AdminWebService - updateCompany() invoked 
[INFO ] 2018-05-28 12:40:04.187 [http-nio-8080-exec-7] AdminWebService - getAllCompanies() executed
[INFO ] 2018-05-28 12:44:26.293 [http-nio-8080-exec-9] AdminWebService - getAllCompanies() executed
[INFO ] 2018-05-28 12:44:55.188 [http-nio-8080-exec-10] AdminWebService - getAllCompanies() executed
[INFO ] 2018-05-28 12:45:43.924 [http-nio-8080-exec-2] AdminWebService - getAllCompanies() executed
[INFO ] 2018-05-28 12:46:03.284 [http-nio-8080-exec-4] AdminWebService - getAllCompanies() executed
[INFO ] 2018-05-28 12:47:34.918 [http-nio-8080-exec-3] AdminWebService - getAllCompanies() executed
[INFO ] 2018-05-28 12:48:16.924 [http-nio-8080-exec-5] AdminWebService - getAllCompanies() executed
[INFO ] 2018-05-28 12:48:53.061 [http-nio-8080-exec-6] AdminWebService - getAllCompanies() executed
[INFO ] 2018-05-28 12:49:08.333 [http-nio-8080-exec-7] AdminWebService - getAllCompanies() executed
[INFO ] 2018-05-28 12:52:59.942 [http-nio-8080-exec-9] AdminWebService - getAllCompanies() executed
[INFO ] 2018-05-28 12:53:58.662 [http-nio-8080-exec-10] AdminWebService - getAllCompanies() executed
[INFO ] 2018-05-28 12:54:18.189 [http-nio-8080-exec-2] AdminWebService - getAllCompanies() executed
[INFO ] 2018-05-28 12:55:02.950 [http-nio-8080-exec-4] AdminWebService - getAllCompanies() executed
[INFO ] 2018-05-28 12:55:29.389 [http-nio-8080-exec-1] AdminWebService - getAllCompanies() executed
[INFO ] 2018-05-28 12:55:46.758 [http-nio-8080-exec-3] AdminWebService - getAllCompanies() executed
[INFO ] 2018-05-28 12:55:54.292 [http-nio-8080-exec-5] AdminWebService - getAllCompanies() executed
[INFO ] 2018-05-28 12:56:30.134 [http-nio-8080-exec-6] AdminWebService - getAllCompanies() executed
[INFO ] 2018-05-28 12:58:24.824 [http-nio-8080-exec-8] AdminWebService - getAllCompanies() executed
[INFO ] 2018-05-28 12:59:02.199 [http-nio-8080-exec-9] AdminWebService - getAllCompanies() executed
[INFO ] 2018-05-28 13:01:17.335 [http-nio-8080-exec-2] AdminWebService - getAllCompanies() executed
[INFO ] 2018-05-28 13:01:47.863 [http-nio-8080-exec-4] AdminWebService - getAllCompanies() executed
[INFO ] 2018-05-28 13:02:35.008 [http-nio-8080-exec-1] AdminWebService - getAllCompanies() executed
[INFO ] 2018-05-28 13:13:08.160 [http-nio-8080-exec-5] AdminWebService - getAllCompanies() executed
[INFO ] 2018-05-28 13:13:11.974 [http-nio-8080-exec-6] AdminWebService - getAllCompanies() executed
[INFO ] 2018-05-28 13:13:52.391 [http-nio-8080-exec-7] AdminWebService - getAllCompanies() executed
[INFO ] 2018-05-28 13:14:44.825 [http-nio-8080-exec-8] AdminWebService - getAllCompanies() executed
[INFO ] 2018-05-28 13:16:09.472 [http-nio-8080-exec-10] AdminWebService - getAllCompanies() executed
[INFO ] 2018-05-28 13:20:14.785 [http-nio-8080-exec-4] AdminWebService - getAllCompanies() executed
[INFO ] 2018-05-28 13:20:36.025 [http-nio-8080-exec-1] AdminWebService - getAllCompanies() executed
[INFO ] 2018-05-28 13:20:41.406 [http-nio-8080-exec-3] AdminWebService - getAllCompanies() executed
[INFO ] 2018-05-28 13:20:49.568 [http-nio-8080-exec-5] AdminWebService - getAllCompanies() executed
[INFO ] 2018-05-28 13:29:09.306 [http-nio-8080-exec-7] AdminWebService - getAllCompanies() executed
[INFO ] 2018-05-28 13:30:31.977 [http-nio-8080-exec-9] AdminWebService - getAllCompanies() executed
[INFO ] 2018-05-28 13:30:35.279 [http-nio-8080-exec-10] AdminWebService - getAllCompanies() executed
[INFO ] 2018-05-28 13:31:07.160 [http-nio-8080-exec-2] AdminWebService - getAllCompanies() executed
[INFO ] 2018-05-28 13:31:10.715 [http-nio-8080-exec-1] AdminWebService - deleteCompany() invoked 
[INFO ] 2018-05-28 13:31:10.720 [http-nio-8080-exec-3] AdminWebService - getAllCompanies() executed
[INFO ] 2018-05-28 13:31:16.424 [http-nio-8080-exec-6] AdminWebService - updateCompany() invoked 
[INFO ] 2018-05-28 13:31:18.102 [http-nio-8080-exec-7] AdminWebService - getAllCompanies() executed
[INFO ] 2018-05-28 13:31:38.250 [http-nio-8080-exec-8] AdminWebService - getAllCompanies() executed
[INFO ] 2018-05-28 13:32:12.816 [http-nio-8080-exec-9] AdminWebService - getAllCompanies() executed
[INFO ] 2018-05-28 13:32:38.209 [http-nio-8080-exec-10] AdminWebService - getAllCompanies() executed
[INFO ] 2018-05-28 13:33:18.840 [http-nio-8080-exec-2] AdminWebService - getAllCompanies() executed
[INFO ] 2018-05-28 13:33:48.089 [http-nio-8080-exec-4] AdminWebService - getCompanyById() executed
[ERROR] 2018-05-28 13:33:48.090 [http-nio-8080-exec-4] AdminWebService - getCompanyById()  ... Data Not Exist for NAME/ID you entered ... 
[INFO ] 2018-05-28 13:35:11.945 [http-nio-8080-exec-1] AdminWebService - getAllCustomers() invoked 
[INFO ] 2018-05-28 13:35:12.967 [http-nio-8080-exec-3] AdminWebService - getAllCustomers() invoked 
[INFO ] 2018-05-28 13:41:27.234 [http-nio-8080-exec-1] AdminWebService - getAllCompanies() executed
[INFO ] 2018-05-28 13:41:31.816 [http-nio-8080-exec-3] AdminWebService - getAllCompanies() executed
[INFO ] 2018-05-29 10:21:48.326 [http-nio-8080-exec-2] AdminWebService - createCompany() executed 
[ERROR] 2018-05-29 10:21:51.400 [http-nio-8080-exec-3] AdminWebService - createCompany() was not updated since asml  ... already exists...
[INFO ] 2018-05-29 10:24:16.076 [http-nio-8080-exec-1] AdminWebService - createCompany() executed 
[ERROR] 2018-05-29 10:24:20.047 [http-nio-8080-exec-2] AdminWebService - createCompany() was not updated since asml  ... already exists... please type another company name
[INFO ] 2018-05-29 10:24:59.303 [http-nio-8080-exec-4] AdminWebService - createCompany() executed 
[ERROR] 2018-05-29 10:25:07.069 [http-nio-8080-exec-3] AdminWebService - createCompany() was not updated since one  ... already exists... please type another company name
[INFO ] 2018-05-29 10:25:15.976 [http-nio-8080-exec-5] AdminWebService - createCompany() executed 
[INFO ] 2018-05-29 10:25:55.358 [http-nio-8080-exec-6] AdminWebService - createCompany() executed 
[INFO ] 2018-05-29 10:26:13.900 [http-nio-8080-exec-7] AdminWebService - getAllCompanies() executed
[INFO ] 2018-05-29 10:26:20.940 [http-nio-8080-exec-8] AdminWebService - getAllCompanies() executed
[INFO ] 2018-05-29 10:26:24.558 [http-nio-8080-exec-10] AdminWebService - deleteCompany() invoked 
[INFO ] 2018-05-29 10:26:24.563 [http-nio-8080-exec-1] AdminWebService - getAllCompanies() executed
[INFO ] 2018-05-29 10:26:44.365 [http-nio-8080-exec-2] AdminWebService - createCompany() executed 
[INFO ] 2018-05-29 10:26:59.732 [http-nio-8080-exec-4] AdminWebService - createCompany() executed 
[INFO ] 2018-05-29 10:27:06.843 [http-nio-8080-exec-3] AdminWebService - getAllCompanies() executed
[INFO ] 2018-05-29 10:27:38.053 [http-nio-8080-exec-5] AdminWebService - getAllCompanies() executed
[INFO ] 2018-05-29 10:27:41.135 [http-nio-8080-exec-7] AdminWebService - updateCompany() invoked 
[INFO ] 2018-05-29 10:27:43.532 [http-nio-8080-exec-8] AdminWebService - getAllCompanies() executed
[INFO ] 2018-05-29 10:29:53.108 [http-nio-8080-exec-1] AdminWebService - createCustomer() invoked 
[ERROR] 2018-05-29 10:30:12.440 [http-nio-8080-exec-2] AdminWebService - createCustomer() was not performed since odel  ... already exists... please type another company name
[INFO ] 2018-05-29 10:30:53.299 [http-nio-8080-exec-1] AdminWebService - createCustomer() invoked 
[ERROR] 2018-05-29 10:30:55.527 [http-nio-8080-exec-3] AdminWebService - createCustomer() was not performed since odel  ... already exists... please type another name
[ERROR] 2018-05-29 10:32:46.098 [http-nio-8080-exec-2] AdminWebService - createCustomer() was not performed since odel  ... already exists... please type another name
[ERROR] 2018-05-29 10:32:51.310 [http-nio-8080-exec-4] AdminWebService - createCustomer() was not performed since odel  ... already exists... please type another name
[INFO ] 2018-05-29 10:35:38.972 [http-nio-8080-exec-3] AdminWebService - createCompany() executed 
[INFO ] 2018-05-29 10:35:47.306 [http-nio-8080-exec-4] AdminWebService - createCompany() executed 
[INFO ] 2018-05-29 10:36:00.713 [http-nio-8080-exec-1] AdminWebService - createCompany() executed 
[INFO ] 2018-05-29 10:36:08.468 [http-nio-8080-exec-5] AdminWebService - createCompany() executed 
[INFO ] 2018-05-29 10:36:23.789 [http-nio-8080-exec-6] AdminWebService - getAllCompanies() executed
[INFO ] 2018-05-29 10:36:48.851 [http-nio-8080-exec-9] AdminWebService - deleteCompany() invoked 
[INFO ] 2018-05-29 10:36:48.856 [http-nio-8080-exec-8] AdminWebService - getAllCompanies() executed
[INFO ] 2018-05-29 10:43:57.146 [http-nio-8080-exec-2] AdminWebService - getCompanyById() executed
[INFO ] 2018-05-29 10:44:00.414 [http-nio-8080-exec-3] AdminWebService - getCompanyById() executed
[INFO ] 2018-05-29 10:44:02.937 [http-nio-8080-exec-4] AdminWebService - getCompanyById() executed
[INFO ] 2018-05-29 10:44:05.968 [http-nio-8080-exec-1] AdminWebService - getCompanyById() executed
[ERROR] 2018-05-29 10:44:05.969 [http-nio-8080-exec-1] AdminWebService - getCompanyById()  ... Data Not Exist for NAME/ID you entered ... 
[INFO ] 2018-05-29 10:49:04.378 [http-nio-8080-exec-5] AdminWebService - getCompanyByName() executed
[INFO ] 2018-05-29 10:49:15.239 [http-nio-8080-exec-6] AdminWebService - getCompanyByName() executed
[INFO ] 2018-05-29 10:49:19.126 [http-nio-8080-exec-7] AdminWebService - getCompanyByName() executed
[ERROR] 2018-05-29 10:49:19.127 [http-nio-8080-exec-7] AdminWebService - getCompanyByName()  ... Data Not Exist for NAME/ID you entered ... 
[INFO ] 2018-05-29 10:54:35.994 [http-nio-8080-exec-9] AdminWebService - getCompanyByName() executed
[INFO ] 2018-05-29 10:56:55.513 [http-nio-8080-exec-10] AdminWebService - getCompanyByName() executed
[INFO ] 2018-05-29 10:58:55.785 [http-nio-8080-exec-3] AdminWebService - getCompanyById() executed
[INFO ] 2018-05-29 10:58:58.128 [http-nio-8080-exec-4] AdminWebService - getCompanyById() executed
[ERROR] 2018-05-29 10:58:58.129 [http-nio-8080-exec-4] AdminWebService - getCompanyById()  ... Data Not Exist for NAME/ID you entered ... 
[INFO ] 2018-05-29 10:59:06.807 [http-nio-8080-exec-1] AdminWebService - getCompanyByName() executed
[INFO ] 2018-05-29 10:59:10.519 [http-nio-8080-exec-5] AdminWebService - getCompanyByName() executed
[ERROR] 2018-05-29 10:59:10.521 [http-nio-8080-exec-5] AdminWebService - getCompanyByName()  ... Data Not Exist for NAME/ID you entered ... 
[INFO ] 2018-05-29 10:59:35.649 [http-nio-8080-exec-6] AdminWebService - getCompanyByName() executed
[ERROR] 2018-05-29 10:59:35.650 [http-nio-8080-exec-6] AdminWebService - getCompanyByName()  ... Data Not Exist for NAME/ID you entered ... 
[INFO ] 2018-05-29 10:59:44.288 [http-nio-8080-exec-7] AdminWebService - getCompanyById() executed
[INFO ] 2018-05-29 10:59:45.944 [http-nio-8080-exec-9] AdminWebService - getCompanyById() executed
[ERROR] 2018-05-29 10:59:45.945 [http-nio-8080-exec-9] AdminWebService - getCompanyById()  ... Data Not Exist for NAME/ID you entered ... 
[INFO ] 2018-05-29 11:03:08.274 [http-nio-8080-exec-8] AdminWebService - getAllCompanies() executed
[INFO ] 2018-05-29 11:13:52.234 [http-nio-8080-exec-2] AdminWebService - getAllCompanies() executed
[INFO ] 2018-05-29 11:14:03.400 [http-nio-8080-exec-3] AdminWebService - getAllCompanies() executed
[INFO ] 2018-05-30 10:03:37.542 [http-nio-8080-exec-2] AdminWebService - createCompany() executed 
[ERROR] 2018-05-30 10:03:42.610 [http-nio-8080-exec-1] AdminWebService - createCompany() was not updated since asml  ... already exists... please type another name
[INFO ] 2018-05-30 10:03:47.968 [http-nio-8080-exec-5] AdminWebService - getAllCompanies() executed
[INFO ] 2018-05-30 10:03:59.607 [http-nio-8080-exec-4] AdminWebService - getAllCompanies() executed
[INFO ] 2018-05-30 10:04:44.416 [http-nio-8080-exec-8] AdminWebService - getAllCompanies() executed
[INFO ] 2018-05-30 10:04:51.392 [http-nio-8080-exec-10] AdminWebService - deleteCompany() invoked 
[INFO ] 2018-05-30 10:04:51.399 [http-nio-8080-exec-9] AdminWebService - getAllCompanies() executed
[INFO ] 2018-05-30 10:05:02.187 [http-nio-8080-exec-2] AdminWebService - createCustomer() invoked 
[INFO ] 2018-05-30 10:05:07.303 [http-nio-8080-exec-1] AdminWebService - getAllCustomers() invoked 
[INFO ] 2018-05-30 10:07:01.453 [http-nio-8080-exec-4] AdminWebService - createCompany() executed 
[INFO ] 2018-05-30 10:07:17.166 [http-nio-8080-exec-6] AdminWebService - createCompany() executed 
[INFO ] 2018-05-30 10:07:23.231 [http-nio-8080-exec-8] AdminWebService - getAllCompanies() executed
[INFO ] 2018-05-30 10:07:32.904 [http-nio-8080-exec-10] AdminWebService - updateCompany() invoked 
[INFO ] 2018-05-30 10:07:37.385 [http-nio-8080-exec-9] AdminWebService - getCompanyById() executed
[INFO ] 2018-05-30 10:07:39.768 [http-nio-8080-exec-3] AdminWebService - getCompanyById() executed
[ERROR] 2018-05-30 10:07:39.769 [http-nio-8080-exec-3] AdminWebService - getCompanyById()  ... Data Not Exist for NAME/ID you entered ... 
[INFO ] 2018-05-30 10:07:49.768 [http-nio-8080-exec-2] AdminWebService - getCompanyById() executed
[ERROR] 2018-05-30 10:07:49.770 [http-nio-8080-exec-2] AdminWebService - getCompanyById()  ... Data Not Exist for NAME/ID you entered ... 
[INFO ] 2018-05-30 10:08:03.611 [http-nio-8080-exec-1] AdminWebService - getCompanyByName() executed
[INFO ] 2018-05-30 10:08:09.024 [http-nio-8080-exec-5] AdminWebService - getCompanyByName() executed
[ERROR] 2018-05-30 10:08:09.025 [http-nio-8080-exec-5] AdminWebService - getCompanyByName()  ... Data Not Exist for NAME/ID you entered ... 
[ERROR] 2018-05-30 10:08:24.282 [http-nio-8080-exec-4] AdminWebService - createCustomer() was not performed since odel  ... already exists... please type another name
[INFO ] 2018-05-30 10:08:28.711 [http-nio-8080-exec-6] AdminWebService - getAllCustomers() invoked 
[INFO ] 2018-05-30 10:13:59.523 [http-nio-8080-exec-7] AdminWebService - getCustomerById() invoked 
[INFO ] 2018-05-30 10:14:03.505 [http-nio-8080-exec-10] AdminWebService - getCustomerById() invoked 
[ERROR] 2018-05-30 10:14:03.506 [http-nio-8080-exec-10] AdminWebService - getCustomerById() was not performed since  ... Data Not Exist for NAME/ID you entered ... 
[INFO ] 2018-05-30 10:14:25.426 [http-nio-8080-exec-9] AdminWebService - getCustomerById() invoked 
[INFO ] 2018-05-30 10:14:29.103 [http-nio-8080-exec-2] AdminWebService - updateCustomer() invoked 
[INFO ] 2018-05-30 10:14:31.025 [http-nio-8080-exec-1] AdminWebService - getAllCustomers() invoked 
[INFO ] 2018-05-30 10:14:35.072 [http-nio-8080-exec-5] AdminWebService - getCustomerById() invoked 
[INFO ] 2018-05-30 10:14:57.497 [http-nio-8080-exec-4] AdminWebService - getCustomerById() invoked 
[INFO ] 2018-05-30 10:14:59.489 [http-nio-8080-exec-6] AdminWebService - getCustomerById() invoked 
[ERROR] 2018-05-30 10:14:59.490 [http-nio-8080-exec-6] AdminWebService - getCustomerById() was not performed since  ... Data Not Exist for NAME/ID you entered ... 
[INFO ] 2018-05-30 10:15:10.765 [http-nio-8080-exec-8] AdminWebService - updateCustomer() invoked 
[INFO ] 2018-05-30 10:15:13.057 [http-nio-8080-exec-7] AdminWebService - getAllCustomers() invoked 
[INFO ] 2018-05-30 10:15:27.280 [http-nio-8080-exec-10] AdminWebService - getAllCustomers() invoked 
[INFO ] 2018-05-30 10:15:30.153 [http-nio-8080-exec-9] AdminWebService - getCustomerById() invoked 
[INFO ] 2018-05-30 10:15:40.687 [http-nio-8080-exec-2] AdminWebService - createCustomer() invoked 
[INFO ] 2018-05-30 10:15:48.488 [http-nio-8080-exec-1] AdminWebService - createCustomer() invoked 
[INFO ] 2018-05-30 10:15:55.960 [http-nio-8080-exec-5] AdminWebService - getAllCustomers() invoked 
[ERROR] 2018-05-30 10:16:03.633 [http-nio-8080-exec-4] AdminWebService - createCustomer() was not performed since shabtay  ... already exists... please type another name
[INFO ] 2018-05-30 10:16:15.297 [http-nio-8080-exec-6] AdminWebService - getAllCustomers() invoked 
[INFO ] 2018-05-30 10:16:19.250 [http-nio-8080-exec-7] AdminWebService - deleteCustomer() invoked 
[INFO ] 2018-05-30 10:16:19.256 [http-nio-8080-exec-10] AdminWebService - getAllCustomers() invoked 
[INFO ] 2018-05-30 10:16:54.123 [http-nio-8080-exec-9] AdminWebService - getCustomerByName() invoked 
[ERROR] 2018-05-30 10:16:54.125 [http-nio-8080-exec-9] AdminWebService - getCustomerByName() was not performed since  ... Data Not Exist for NAME/ID you entered ... 
[INFO ] 2018-05-30 10:22:17.059 [http-nio-8080-exec-3] AdminWebService - getCustomerByName() invoked 
[INFO ] 2018-05-30 10:22:26.306 [http-nio-8080-exec-2] AdminWebService - getCustomerById() invoked 
[ERROR] 2018-05-30 10:22:26.307 [http-nio-8080-exec-2] AdminWebService - getCustomerById() was not performed since  ... Data Not Exist for NAME/ID you entered ... 
[INFO ] 2018-05-30 10:22:31.258 [http-nio-8080-exec-1] AdminWebService - getCustomerByName() invoked 
[ERROR] 2018-05-30 10:22:31.260 [http-nio-8080-exec-1] AdminWebService - getCustomerByName() was not performed since  ... Data Not Exist for NAME/ID you entered ... 
[INFO ] 2018-05-30 10:22:38.177 [http-nio-8080-exec-5] AdminWebService - getAllCustomers() invoked 
[INFO ] 2018-05-30 10:22:43.697 [http-nio-8080-exec-4] AdminWebService - getCustomerById() invoked 
[ERROR] 2018-05-30 10:22:43.698 [http-nio-8080-exec-4] AdminWebService - getCustomerById() was not performed since  ... Data Not Exist for NAME/ID you entered ... 
[INFO ] 2018-05-30 10:22:46.586 [http-nio-8080-exec-6] AdminWebService - getCustomerById() invoked 
[INFO ] 2018-05-30 10:22:49.298 [http-nio-8080-exec-7] AdminWebService - deleteCustomer() invoked 
[INFO ] 2018-05-30 10:22:53.634 [http-nio-8080-exec-10] AdminWebService - getCustomerById() invoked 
[ERROR] 2018-05-30 10:22:53.635 [http-nio-8080-exec-10] AdminWebService - getCustomerById() was not performed since  ... Data Not Exist for NAME/ID you entered ... 
[INFO ] 2018-05-30 10:22:55.985 [http-nio-8080-exec-9] AdminWebService - getCustomerById() invoked 
[ERROR] 2018-05-30 10:22:55.987 [http-nio-8080-exec-9] AdminWebService - getCustomerById() was not performed since  ... Data Not Exist for NAME/ID you entered ... 
[INFO ] 2018-05-30 10:22:58.122 [http-nio-8080-exec-3] AdminWebService - getCustomerById() invoked 
[INFO ] 2018-05-30 10:23:00.088 [http-nio-8080-exec-2] AdminWebService - getAllCustomers() invoked 
[INFO ] 2018-05-30 10:23:04.633 [http-nio-8080-exec-1] AdminWebService - getCustomerByName() invoked 
[INFO ] 2018-05-30 10:23:08.673 [http-nio-8080-exec-5] AdminWebService - getCustomerByName() invoked 
[ERROR] 2018-05-30 10:23:08.674 [http-nio-8080-exec-5] AdminWebService - getCustomerByName() was not performed since  ... Data Not Exist for NAME/ID you entered ... 
[INFO ] 2018-05-30 10:23:37.547 [http-nio-8080-exec-4] AdminWebService - getAllCompanies() executed
[INFO ] 2018-05-30 10:23:40.577 [http-nio-8080-exec-8] AdminWebService - updateCompany() invoked 
[INFO ] 2018-05-30 10:23:47.352 [http-nio-8080-exec-7] AdminWebService - getAllCustomers() invoked 
[INFO ] 2018-05-30 10:23:49.235 [http-nio-8080-exec-10] AdminWebService - updateCustomer() invoked 
[INFO ] 2018-05-30 10:27:17.915 [http-nio-8080-exec-3] AdminWebService - getAllCompanies() executed
[INFO ] 2018-05-30 10:27:21.101 [http-nio-8080-exec-1] AdminWebService - deleteCompany() invoked 
[INFO ] 2018-05-30 10:27:21.106 [http-nio-8080-exec-5] AdminWebService - getAllCompanies() executed
[INFO ] 2018-05-30 10:31:04.033 [http-nio-8080-exec-2] AdminWebService - createCompany() executed 
[ERROR] 2018-05-30 10:31:05.757 [http-nio-8080-exec-4] AdminWebService - createCompany() was not updated since asml  ... already exists... please type another name
[INFO ] 2018-05-30 10:31:11.204 [http-nio-8080-exec-5] AdminWebService - createCompany() executed 
[INFO ] 2018-05-30 10:31:14.935 [http-nio-8080-exec-3] AdminWebService - createCompany() executed 
[INFO ] 2018-05-30 10:31:18.775 [http-nio-8080-exec-6] AdminWebService - createCompany() executed 
[ERROR] 2018-05-30 10:31:20.803 [http-nio-8080-exec-7] AdminWebService - createCompany() was not updated since three  ... already exists... please type another name
[INFO ] 2018-05-30 10:31:24.337 [http-nio-8080-exec-8] AdminWebService - getAllCompanies() executed
[INFO ] 2018-05-30 10:31:32.225 [http-nio-8080-exec-9] AdminWebService - getAllCompanies() executed
[INFO ] 2018-05-30 10:31:34.415 [http-nio-8080-exec-1] AdminWebService - updateCompany() invoked 
[INFO ] 2018-05-30 10:31:36.729 [http-nio-8080-exec-2] AdminWebService - getAllCompanies() executed
[INFO ] 2018-05-30 10:31:42.345 [http-nio-8080-exec-4] AdminWebService - getAllCompanies() executed
[INFO ] 2018-05-30 10:31:45.240 [http-nio-8080-exec-3] AdminWebService - deleteCompany() invoked 
[INFO ] 2018-05-30 10:31:45.245 [http-nio-8080-exec-6] AdminWebService - getAllCompanies() executed
[INFO ] 2018-05-30 10:31:51.683 [http-nio-8080-exec-7] AdminWebService - getCompanyById() executed
[INFO ] 2018-05-30 10:31:53.922 [http-nio-8080-exec-8] AdminWebService - getCompanyById() executed
[ERROR] 2018-05-30 10:31:53.923 [http-nio-8080-exec-8] AdminWebService - getCompanyById()  ... Data Not Exist for NAME/ID you entered ... 
[INFO ] 2018-05-30 10:34:08.923 [http-nio-8080-exec-10] AdminWebService - getAllCompanies() executed
[INFO ] 2018-05-30 10:35:16.491 [http-nio-8080-exec-2] AdminWebService - getAllCompanies() executed
[INFO ] 2018-05-30 10:39:03.445 [http-nio-8080-exec-5] AdminWebService - getAllCompanies() executed
[INFO ] 2018-05-30 10:39:39.052 [http-nio-8080-exec-3] AdminWebService - getAllCompanies() executed
[INFO ] 2018-05-30 10:40:29.595 [http-nio-8080-exec-6] AdminWebService - getAllCompanies() executed
[INFO ] 2018-05-30 10:41:46.684 [http-nio-8080-exec-8] AdminWebService - getAllCompanies() executed
[INFO ] 2018-05-30 10:41:50.907 [http-nio-8080-exec-10] AdminWebService - updateCompany() invoked 
[INFO ] 2018-05-30 10:42:48.444 [http-nio-8080-exec-1] AdminWebService - getAllCompanies() executed
[INFO ] 2018-05-30 10:42:54.338 [http-nio-8080-exec-2] AdminWebService - getAllCompanies() executed
[INFO ] 2018-05-30 10:45:52.978 [http-nio-8080-exec-5] AdminWebService - getCustomerByName() invoked 
[ERROR] 2018-05-30 10:45:52.981 [http-nio-8080-exec-5] AdminWebService - getCustomerByName() was not performed since  ... Data Not Exist for NAME/ID you entered ... 
[INFO ] 2018-05-30 10:45:56.659 [http-nio-8080-exec-3] AdminWebService - getCustomerByName() invoked 
[ERROR] 2018-05-30 10:45:56.660 [http-nio-8080-exec-3] AdminWebService - getCustomerByName() was not performed since  ... Data Not Exist for NAME/ID you entered ... 
[INFO ] 2018-05-30 10:46:01.243 [http-nio-8080-exec-6] AdminWebService - getAllCustomers() invoked 
[INFO ] 2018-05-30 10:46:06.710 [http-nio-8080-exec-8] AdminWebService - createCustomer() invoked 
[INFO ] 2018-05-30 10:46:09.169 [http-nio-8080-exec-9] AdminWebService - getAllCustomers() invoked 
[INFO ] 2018-05-30 10:46:14.595 [http-nio-8080-exec-10] AdminWebService - getCustomerByName() invoked 
[INFO ] 2018-05-30 11:02:34.293 [http-nio-8080-exec-1] AdminWebService - getAllCompanies() executed
[INFO ] 2018-05-30 11:02:46.287 [http-nio-8080-exec-5] AdminWebService - createCompany() executed 
[INFO ] 2018-05-30 11:13:40.339 [http-nio-8080-exec-4] AdminWebService - createCompany() executed 
[INFO ] 2018-05-30 11:13:50.797 [http-nio-8080-exec-6] AdminWebService - getAllCompanies() executed
[INFO ] 2018-05-30 11:13:56.584 [http-nio-8080-exec-8] AdminWebService - updateCompany() invoked 
[INFO ] 2018-05-30 11:14:34.885 [http-nio-8080-exec-9] AdminWebService - getAllCompanies() executed
[INFO ] 2018-05-30 11:42:58.797 [http-nio-8080-exec-2] AdminWebService - createCompany() executed 
[INFO ] 2018-05-30 16:04:33.517 [http-nio-8080-exec-2] AdminWebService - createCompany() executed 
[INFO ] 2018-05-30 16:04:40.038 [http-nio-8080-exec-3] AdminWebService - getAllCompanies() executed
[INFO ] 2018-05-30 16:05:01.920 [http-nio-8080-exec-5] AdminWebService - createCustomer() invoked 
[INFO ] 2018-05-30 20:01:20.881 [http-nio-8080-exec-2] AdminWebService - createCompany() executed 
[INFO ] 2018-05-30 20:08:15.972 [http-nio-8080-exec-1] AdminWebService - createCompany() executed 
[INFO ] 2018-05-30 23:42:18.042 [http-nio-8080-exec-2] AdminWebService - createCompany() executed 
[INFO ] 2018-05-30 23:42:26.269 [http-nio-8080-exec-5] AdminWebService - createCustomer() invoked 
[INFO ] 2018-05-30 23:45:52.194 [http-nio-8080-exec-1] AdminWebService - createCustomer() invoked 
[INFO ] 2018-05-30 23:46:03.500 [http-nio-8080-exec-2] AdminWebService - createCompany() executed 
[INFO ] 2018-05-30 23:46:07.827 [http-nio-8080-exec-3] AdminWebService - getAllCompanies() executed
[INFO ] 2018-05-30 23:46:11.455 [http-nio-8080-exec-4] AdminWebService - getAllCustomers() invoked 
[INFO ] 2018-05-30 23:56:12.143 [http-nio-8080-exec-2] AdminWebService - createCompany() executed 
[INFO ] 2018-05-30 23:56:17.028 [http-nio-8080-exec-4] AdminWebService - getAllCompanies() executed
[INFO ] 2018-05-31 00:11:23.200 [http-nio-8080-exec-2] AdminWebService - createCompany() executed 
[INFO ] 2018-05-31 00:24:41.600 [http-nio-8080-exec-9] AdminWebService - getCompanyById() executed
[ERROR] 2018-05-31 00:24:41.602 [http-nio-8080-exec-9] AdminWebService - getCompanyById()  ... Data Not Exist for NAME/ID you entered ... 
[INFO ] 2018-05-31 00:26:25.425 [http-nio-8080-exec-2] AdminWebService - createCompany() executed 
[INFO ] 2018-05-31 00:27:59.775 [http-nio-8080-exec-1] AdminWebService - createCompany() executed 
[INFO ] 2018-05-31 00:37:46.923 [http-nio-8080-exec-2] AdminWebService - createCompany() executed 
[INFO ] 2018-05-31 00:38:16.987 [http-nio-8080-exec-4] AdminWebService - createCoupon() executed
[ERROR] 2018-05-31 00:38:22.580 [http-nio-8080-exec-5] AdminWebService - createCoupon() .... Coupon one  ... already exists... please type another name
[INFO ] 2018-05-31 00:38:26.974 [http-nio-8080-exec-6] AdminWebService - getallcoupon() executed
[INFO ] 2018-05-31 00:38:31.913 [http-nio-8080-exec-7] AdminWebService - getCouponByName() executed
[ERROR] 2018-05-31 00:38:31.914 [http-nio-8080-exec-7] AdminWebService - getCouponByName()  ... Data Not Exist for NAME/ID you entered ... 
[INFO ] 2018-05-31 00:38:40.061 [http-nio-8080-exec-8] AdminWebService - getallcoupon() executed
[INFO ] 2018-05-31 00:38:43.711 [http-nio-8080-exec-10] AdminWebService - getCouponById() executed
[INFO ] 2018-05-31 00:38:46.749 [http-nio-8080-exec-9] AdminWebService - getCouponById() executed
[ERROR] 2018-05-31 00:38:46.750 [http-nio-8080-exec-9] AdminWebService - getCouponById()  ... Data Not Exist for NAME/ID you entered ... 
[INFO ] 2018-05-31 00:38:51.918 [http-nio-8080-exec-1] AdminWebService - getCouponByName() executed
[ERROR] 2018-05-31 00:38:51.919 [http-nio-8080-exec-1] AdminWebService - getCouponByName()  ... Data Not Exist for NAME/ID you entered ... 
[INFO ] 2018-05-31 00:38:57.718 [http-nio-8080-exec-2] AdminWebService - getCouponByName() executed
[INFO ] 2018-05-31 00:39:17.174 [http-nio-8080-exec-3] AdminWebService - getCouponByType() executed
[INFO ] 2018-05-31 00:39:20.645 [http-nio-8080-exec-4] AdminWebService - getCouponByType() executed
[INFO ] 2018-05-31 00:39:22.238 [http-nio-8080-exec-5] AdminWebService - getCouponByType() executed
[INFO ] 2018-05-31 00:39:24.532 [http-nio-8080-exec-6] AdminWebService - getCouponByType() executed
[INFO ] 2018-05-31 00:39:30.310 [http-nio-8080-exec-10] AdminWebService - getCouponByType() executed
